INFO:  latexindent version 3.19, 2022-10-30, a script to indent .tex files
       latexindent lives here: /usr/local/texlive/2022/texmf-dist/scripts/latexindent/
       Fri Dec 16 11:13:48 2022
       Filename: ms.tex
INFO:  Processing switches:
       -s|--silent: Silent mode active (you have used either -s or --silent)
       -w|--overwrite: Overwrite mode active, will make a back up before overwriting
INFO:  Directory for backup files and indent.log:
       .
INFO:  YAML settings read: defaultSettings.yaml
       Reading defaultSettings.yaml from /usr/local/texlive/2022/texmf-dist/scripts/latexindent/defaultSettings.yaml
INFO:  YAML settings read: indentconfig.yaml or .indentconfig.yaml
       Home directory is / (didn't find either indentconfig.yaml or .indentconfig.yaml)
       To specify user settings you would put indentconfig.yaml here: //indentconfig.yaml
       Alternatively, you can use the hidden file .indentconfig.yaml as: //.indentconfig.yaml
INFO:  Backup procedure (-w flag active):
       ./ms.bak0 already exists, incrementing by 1... (see maxNumberOfBackUps and onlyOneBackUp)
       copying ms.tex to ./ms.bak1
       Backup file: ./ms.bak1
       ms.tex will be overwritten after indentation
INFO:  Phase 1: searching for objects
INFO:  Phase 2: finding surrounding indentation
INFO:  Phase 3: indenting objects
INFO:  Phase 4: final indentation check
INFO:  Output routine:
       Overwriting file ms.tex
       --------------
INFO:  Please direct all communication/issues to:
        https://github.com/cmhughes/latexindent.pl
